
--- Job CornEtOH_GAMS_Model.gms Start 06/25/19 12:31:06 WEX-VS8 23.5.1 x86/MS Windows        
GAMS Rev 235  Copyright (C) 1987-2010 GAMS Development. All rights reserved
Licensee: Gary Goldstein                                 G010614:2121CA-WIN
          Decision Ware, Inc.                                        DC2807
--- Starting compilation
--- CornEtOH_GAMS_Model.gms(2504) 3 Mb
--- Starting execution: elapsed 0:00:00.031
--- CornEtOH_GAMS_Model.gms(2470) 9 Mb
--- Generating NLP model Bioethanol
--- CornEtOH_GAMS_Model.gms(2472) 11 Mb
---   2,231 rows  2,922 columns  7,807 non-zeroes
---   19,524 nl-code  3,385 nl-non-zeroes
--- CornEtOH_GAMS_Model.gms(2472) 9 Mb
--- Executing CONOPT: elapsed 0:00:00.062
C O N O P T 3    Jul  4, 2010 23.5.1 WIN 18414.18495 VS8 x86/MS Windows    
 
 
    C O N O P T 3   version 3.14U
    Copyright (C)   ARKI Consulting and Development A/S
                    Bagsvaerdvej 246 A
                    DK-2880 Bagsvaerd, Denmark
 
 Using default options.
 
 Reading Data
 
   Iter Phase Ninf   Infeasibility   RGmax    NSB   Step InItr MX OK
      0   0        4.8875194515E+08 (Input point)
                                Pre-triangular equations:      455
                                Post-triangular equations:      38
      1   0        1.5809123236E+05 (After pre-processing)
      2   0        1.2404667992E+02 (After scaling)
      3   0   145  1.2204423844E+02               4.1E-02      T  T
      4   0   145  1.1298411471E+02               2.1E-01      T  T
      5   0   145  9.6932376863E+01               4.7E-01      T  T
      6   0   146  8.2385929975E+01               8.3E-01      T  T
      7   0   147  7.7946044738E+01               3.7E-01      T  T
 
   Iter Phase Ninf   Infeasibility   RGmax    NSB   Step InItr MX OK
      8   0   147  7.6483208307E+01               9.1E-01      T  T
      9   0   147  7.6297089866E+01               1.0E+00      F  T
     10   0   147  7.6282460497E+01               1.0E+00      F  T
     11   0   147  7.6281570270E+01               1.0E+00      F  T
     12   0   147  7.6281480467E+01               1.0E+00      F  T
     13   0   147  7.6281476248E+01               1.0E+00      F  T
     14   0   147  7.6281475641E+01               1.0E+00      F  T
     15   1   121  6.8492820351E+01 1.7E+01    53 1.0E+00    3 T  T
     16   1   110  6.2986662306E+01 1.8E+01    48 1.0E+00    8 T  T
     17   1   109  5.2810845563E+01 1.9E+01    37 9.8E-01   13 T  T
 
   Iter Phase Ninf   Infeasibility   RGmax    NSB   Step InItr MX OK
     18   1   108  4.4461687242E+01 1.8E+01    37 1.0E+00   18 T  T
     19   1    78  4.2677882374E+01 1.7E+01    64 1.0E+00   27 T  T
     20   1    49  3.2622002017E+01 1.5E+01    33 1.0E+00   28 T  T
     21   1    49  2.1725315584E+01 7.7E+00    30 5.4E-01   22 F  F
     22   1    40  1.7295862221E+01 2.4E+00    24 1.0E+00   11 T  T
     23   1    40  1.4542487307E+01 2.1E+00    13 5.7E-01   10 F  F
     24   1    33  1.2617248711E+01 2.5E+00    13 1.0E+00    5 T  T
     25   1    29  1.2438862570E+01 1.0E+00     5 1.0E+00    4 T  T
     26   1    29  1.2438862570E+01 0.0E+00     5
 
 ** Infeasible solution. Reduced gradient less than tolerance.
 
--- Restarting execution
--- CornEtOH_GAMS_Model.gms(2472) 0 Mb
--- Reading solution for model Bioethanol
--- CornEtOH_GAMS_Model.gms(2472) 7 Mb
--- Executing after solve: elapsed 0:00:00.547
--- CornEtOH_GAMS_Model.gms(2504) 8 Mb
*** Status: Normal completion
--- Job CornEtOH_GAMS_Model.gms Stop 06/25/19 12:31:07 elapsed 0:00:00.547
