
--- Job urea.gms Start 06/28/19 16:22:00 WEX-VS8 23.5.1 x86/MS Windows        
GAMS Rev 235  Copyright (C) 1987-2010 GAMS Development. All rights reserved
Licensee: Gary Goldstein                                 G010614:2121CA-WIN
          Decision Ware, Inc.                                        DC2807
--- Starting compilation
--- urea.gms(1841) 3 Mb
*** GDXIN failed C:\Users\ghosh.117\Documents\gamsdir\projdir\190611in.gdx
*** Msg: No such file or directory
--- urea.gms(1841) 3 Mb 1 Error
*** Error 510 in C:\Users\ghosh.117\Box\Research_compile\cgelca\fincge\cornethanol\urea\urea.gms
    Unable to open gdx file for $GDXIN
--- urea.gms(1842) 3 Mb 2 Errors
*** Error 502 in C:\Users\ghosh.117\Box\Research_compile\cgelca\fincge\cornethanol\urea\urea.gms
    GDXIN  file not open - ignore rest of line
--- urea.gms(1845) 3 Mb 4 Errors
*** Error 141 in C:\Users\ghosh.117\Box\Research_compile\cgelca\fincge\cornethanol\urea\urea.gms
    Symbol neither initialized nor assigned
       A wild shot: You may have spurious commas in the explanatory
       text of a declaration. Check symbol reference list.
*** Error 116 in C:\Users\ghosh.117\Box\Research_compile\cgelca\fincge\cornethanol\urea\urea.gms
    Label is unknown
--- urea.gms(1846) 3 Mb 5 Errors
*** Error 116 in C:\Users\ghosh.117\Box\Research_compile\cgelca\fincge\cornethanol\urea\urea.gms
    Label is unknown
--- urea.gms(1851) 3 Mb 6 Errors
*** Error 116 in C:\Users\ghosh.117\Box\Research_compile\cgelca\fincge\cornethanol\urea\urea.gms
    Label is unknown
--- urea.gms(2077) 3 Mb 7 Errors
*** Error 170 in C:\Users\ghosh.117\Box\Research_compile\cgelca\fincge\cornethanol\urea\urea.gms
    Domain violation for element
--- urea.gms(2078) 3 Mb 8 Errors
*** Error 170 in C:\Users\ghosh.117\Box\Research_compile\cgelca\fincge\cornethanol\urea\urea.gms
    Domain violation for element
--- urea.gms(2079) 3 Mb 9 Errors
*** Error 170 in C:\Users\ghosh.117\Box\Research_compile\cgelca\fincge\cornethanol\urea\urea.gms
    Domain violation for element
--- urea.gms(2080) 3 Mb 10 Errors
*** Error 170 in C:\Users\ghosh.117\Box\Research_compile\cgelca\fincge\cornethanol\urea\urea.gms
    Domain violation for element
--- urea.gms(2081) 3 Mb 11 Errors
*** Error 170 in C:\Users\ghosh.117\Box\Research_compile\cgelca\fincge\cornethanol\urea\urea.gms
    Domain violation for element
--- urea.gms(2082) 3 Mb 12 Errors
*** Error 170 in C:\Users\ghosh.117\Box\Research_compile\cgelca\fincge\cornethanol\urea\urea.gms
    Domain violation for element
--- urea.gms(2083) 3 Mb 13 Errors
*** Error 170 in C:\Users\ghosh.117\Box\Research_compile\cgelca\fincge\cornethanol\urea\urea.gms
    Domain violation for element
--- urea.gms(2084) 3 Mb 14 Errors
*** Error 170 in C:\Users\ghosh.117\Box\Research_compile\cgelca\fincge\cornethanol\urea\urea.gms
    Domain violation for element
--- urea.gms(2085) 3 Mb 15 Errors
*** Error 170 in C:\Users\ghosh.117\Box\Research_compile\cgelca\fincge\cornethanol\urea\urea.gms
    Domain violation for element
--- urea.gms(2086) 3 Mb 16 Errors
*** Error 170 in C:\Users\ghosh.117\Box\Research_compile\cgelca\fincge\cornethanol\urea\urea.gms
    Domain violation for element
--- urea.gms(2087) 3 Mb 17 Errors
*** Error 170 in C:\Users\ghosh.117\Box\Research_compile\cgelca\fincge\cornethanol\urea\urea.gms
    Domain violation for element
--- urea.gms(2088) 3 Mb 18 Errors
*** Error 170 in C:\Users\ghosh.117\Box\Research_compile\cgelca\fincge\cornethanol\urea\urea.gms
    Domain violation for element
--- urea.gms(2089) 3 Mb 19 Errors
*** Error 170 in C:\Users\ghosh.117\Box\Research_compile\cgelca\fincge\cornethanol\urea\urea.gms
    Domain violation for element
--- urea.gms(2090) 3 Mb 20 Errors
*** Error 170 in C:\Users\ghosh.117\Box\Research_compile\cgelca\fincge\cornethanol\urea\urea.gms
    Domain violation for element
--- urea.gms(2091) 3 Mb 21 Errors
*** Error 170 in C:\Users\ghosh.117\Box\Research_compile\cgelca\fincge\cornethanol\urea\urea.gms
    Domain violation for element
--- urea.gms(2092) 3 Mb 22 Errors
*** Error 170 in C:\Users\ghosh.117\Box\Research_compile\cgelca\fincge\cornethanol\urea\urea.gms
    Domain violation for element
--- urea.gms(2093) 3 Mb 23 Errors
*** Error 170 in C:\Users\ghosh.117\Box\Research_compile\cgelca\fincge\cornethanol\urea\urea.gms
    Domain violation for element
--- urea.gms(2094) 3 Mb 24 Errors
*** Error 170 in C:\Users\ghosh.117\Box\Research_compile\cgelca\fincge\cornethanol\urea\urea.gms
    Domain violation for element
--- urea.gms(2095) 3 Mb 25 Errors
*** Error 170 in C:\Users\ghosh.117\Box\Research_compile\cgelca\fincge\cornethanol\urea\urea.gms
    Domain violation for element
--- urea.gms(2096) 3 Mb 26 Errors
*** Error 170 in C:\Users\ghosh.117\Box\Research_compile\cgelca\fincge\cornethanol\urea\urea.gms
    Domain violation for element
--- urea.gms(2097) 3 Mb 27 Errors
*** Error 170 in C:\Users\ghosh.117\Box\Research_compile\cgelca\fincge\cornethanol\urea\urea.gms
    Domain violation for element
--- urea.gms(2098) 3 Mb 28 Errors
*** Error 170 in C:\Users\ghosh.117\Box\Research_compile\cgelca\fincge\cornethanol\urea\urea.gms
    Domain violation for element
--- urea.gms(2099) 3 Mb 29 Errors
*** Error 170 in C:\Users\ghosh.117\Box\Research_compile\cgelca\fincge\cornethanol\urea\urea.gms
    Domain violation for element
--- urea.gms(2100) 3 Mb 30 Errors
*** Error 170 in C:\Users\ghosh.117\Box\Research_compile\cgelca\fincge\cornethanol\urea\urea.gms
    Domain violation for element
--- urea.gms(2101) 3 Mb 31 Errors
*** Error 170 in C:\Users\ghosh.117\Box\Research_compile\cgelca\fincge\cornethanol\urea\urea.gms
    Domain violation for element
--- urea.gms(2102) 3 Mb 32 Errors
*** Error 170 in C:\Users\ghosh.117\Box\Research_compile\cgelca\fincge\cornethanol\urea\urea.gms
    Domain violation for element
--- urea.gms(2103) 3 Mb 33 Errors
*** Error 170 in C:\Users\ghosh.117\Box\Research_compile\cgelca\fincge\cornethanol\urea\urea.gms
    Domain violation for element
--- urea.gms(2104) 3 Mb 34 Errors
*** Error 170 in C:\Users\ghosh.117\Box\Research_compile\cgelca\fincge\cornethanol\urea\urea.gms
    Domain violation for element
--- urea.gms(2105) 3 Mb 35 Errors
*** Error 170 in C:\Users\ghosh.117\Box\Research_compile\cgelca\fincge\cornethanol\urea\urea.gms
    Domain violation for element
--- urea.gms(2106) 3 Mb 36 Errors
*** Error 170 in C:\Users\ghosh.117\Box\Research_compile\cgelca\fincge\cornethanol\urea\urea.gms
    Domain violation for element
--- urea.gms(2107) 3 Mb 37 Errors
*** Error 170 in C:\Users\ghosh.117\Box\Research_compile\cgelca\fincge\cornethanol\urea\urea.gms
    Domain violation for element
--- urea.gms(2108) 3 Mb 38 Errors
*** Error 170 in C:\Users\ghosh.117\Box\Research_compile\cgelca\fincge\cornethanol\urea\urea.gms
    Domain violation for element
--- urea.gms(2109) 3 Mb 39 Errors
*** Error 170 in C:\Users\ghosh.117\Box\Research_compile\cgelca\fincge\cornethanol\urea\urea.gms
    Domain violation for element
--- urea.gms(2110) 3 Mb 40 Errors
*** Error 170 in C:\Users\ghosh.117\Box\Research_compile\cgelca\fincge\cornethanol\urea\urea.gms
    Domain violation for element
--- urea.gms(2111) 3 Mb 41 Errors
*** Error 170 in C:\Users\ghosh.117\Box\Research_compile\cgelca\fincge\cornethanol\urea\urea.gms
    Domain violation for element
--- urea.gms(2112) 3 Mb 42 Errors
*** Error 170 in C:\Users\ghosh.117\Box\Research_compile\cgelca\fincge\cornethanol\urea\urea.gms
    Domain violation for element
--- urea.gms(2113) 3 Mb 43 Errors
*** Error 170 in C:\Users\ghosh.117\Box\Research_compile\cgelca\fincge\cornethanol\urea\urea.gms
    Domain violation for element
--- urea.gms(2114) 3 Mb 44 Errors
*** Error 170 in C:\Users\ghosh.117\Box\Research_compile\cgelca\fincge\cornethanol\urea\urea.gms
    Domain violation for element
--- urea.gms(2115) 3 Mb 45 Errors
*** Error 170 in C:\Users\ghosh.117\Box\Research_compile\cgelca\fincge\cornethanol\urea\urea.gms
    Domain violation for element
--- urea.gms(2116) 3 Mb 46 Errors
*** Error 170 in C:\Users\ghosh.117\Box\Research_compile\cgelca\fincge\cornethanol\urea\urea.gms
    Domain violation for element
--- urea.gms(2117) 3 Mb 47 Errors
*** Error 170 in C:\Users\ghosh.117\Box\Research_compile\cgelca\fincge\cornethanol\urea\urea.gms
    Domain violation for element
--- urea.gms(2118) 3 Mb 48 Errors
*** Error 170 in C:\Users\ghosh.117\Box\Research_compile\cgelca\fincge\cornethanol\urea\urea.gms
    Domain violation for element
--- urea.gms(2119) 3 Mb 49 Errors
*** Error 170 in C:\Users\ghosh.117\Box\Research_compile\cgelca\fincge\cornethanol\urea\urea.gms
    Domain violation for element
--- urea.gms(2120) 3 Mb 50 Errors
*** Error 170 in C:\Users\ghosh.117\Box\Research_compile\cgelca\fincge\cornethanol\urea\urea.gms
    Domain violation for element
--- urea.gms(2121) 3 Mb 51 Errors
*** Error 170 in C:\Users\ghosh.117\Box\Research_compile\cgelca\fincge\cornethanol\urea\urea.gms
    Domain violation for element
--- urea.gms(2122) 3 Mb 52 Errors
*** Error 170 in C:\Users\ghosh.117\Box\Research_compile\cgelca\fincge\cornethanol\urea\urea.gms
    Domain violation for element
--- urea.gms(2123) 3 Mb 53 Errors
*** Error 170 in C:\Users\ghosh.117\Box\Research_compile\cgelca\fincge\cornethanol\urea\urea.gms
    Domain violation for element
--- urea.gms(2124) 3 Mb 54 Errors
*** Error 170 in C:\Users\ghosh.117\Box\Research_compile\cgelca\fincge\cornethanol\urea\urea.gms
    Domain violation for element
--- urea.gms(2125) 3 Mb 55 Errors
*** Error 170 in C:\Users\ghosh.117\Box\Research_compile\cgelca\fincge\cornethanol\urea\urea.gms
    Domain violation for element
--- urea.gms(2126) 3 Mb 56 Errors
*** Error 170 in C:\Users\ghosh.117\Box\Research_compile\cgelca\fincge\cornethanol\urea\urea.gms
    Domain violation for element
--- urea.gms(2127) 3 Mb 57 Errors
*** Error 170 in C:\Users\ghosh.117\Box\Research_compile\cgelca\fincge\cornethanol\urea\urea.gms
    Domain violation for element
--- urea.gms(2128) 3 Mb 58 Errors
*** Error 170 in C:\Users\ghosh.117\Box\Research_compile\cgelca\fincge\cornethanol\urea\urea.gms
    Domain violation for element
--- urea.gms(2129) 3 Mb 59 Errors
*** Error 170 in C:\Users\ghosh.117\Box\Research_compile\cgelca\fincge\cornethanol\urea\urea.gms
    Domain violation for element
--- urea.gms(2130) 3 Mb 60 Errors
*** Error 170 in C:\Users\ghosh.117\Box\Research_compile\cgelca\fincge\cornethanol\urea\urea.gms
    Domain violation for element
--- urea.gms(2131) 3 Mb 61 Errors
*** Error 170 in C:\Users\ghosh.117\Box\Research_compile\cgelca\fincge\cornethanol\urea\urea.gms
    Domain violation for element
--- urea.gms(2132) 3 Mb 62 Errors
*** Error 170 in C:\Users\ghosh.117\Box\Research_compile\cgelca\fincge\cornethanol\urea\urea.gms
    Domain violation for element
--- urea.gms(2133) 3 Mb 63 Errors
*** Error 170 in C:\Users\ghosh.117\Box\Research_compile\cgelca\fincge\cornethanol\urea\urea.gms
    Domain violation for element
--- urea.gms(2134) 3 Mb 64 Errors
*** Error 170 in C:\Users\ghosh.117\Box\Research_compile\cgelca\fincge\cornethanol\urea\urea.gms
    Domain violation for element
--- urea.gms(2135) 3 Mb 65 Errors
*** Error 170 in C:\Users\ghosh.117\Box\Research_compile\cgelca\fincge\cornethanol\urea\urea.gms
    Domain violation for element
--- urea.gms(2136) 3 Mb 66 Errors
*** Error 170 in C:\Users\ghosh.117\Box\Research_compile\cgelca\fincge\cornethanol\urea\urea.gms
    Domain violation for element
--- urea.gms(2137) 3 Mb 67 Errors
*** Error 170 in C:\Users\ghosh.117\Box\Research_compile\cgelca\fincge\cornethanol\urea\urea.gms
    Domain violation for element
--- urea.gms(2275) 3 Mb 68 Errors
*** Error 257 in C:\Users\ghosh.117\Box\Research_compile\cgelca\fincge\cornethanol\urea\urea.gms
    Solve statement not checked because of previous errors
--- urea.gms(2283) 3 Mb 69 Errors
*** Error 141 in C:\Users\ghosh.117\Box\Research_compile\cgelca\fincge\cornethanol\urea\urea.gms
    Symbol neither initialized nor assigned
       A wild shot: You may have spurious commas in the explanatory
       text of a declaration. Check symbol reference list.
--- urea.gms(2285) 3 Mb 70 Errors
*** Error 141 in C:\Users\ghosh.117\Box\Research_compile\cgelca\fincge\cornethanol\urea\urea.gms
    Symbol neither initialized nor assigned
       A wild shot: You may have spurious commas in the explanatory
       text of a declaration. Check symbol reference list.
--- urea.gms(2286) 3 Mb 71 Errors
*** Error 141 in C:\Users\ghosh.117\Box\Research_compile\cgelca\fincge\cornethanol\urea\urea.gms
    Symbol neither initialized nor assigned
       A wild shot: You may have spurious commas in the explanatory
       text of a declaration. Check symbol reference list.
--- urea.gms(2287) 3 Mb 72 Errors
*** Error 141 in C:\Users\ghosh.117\Box\Research_compile\cgelca\fincge\cornethanol\urea\urea.gms
    Symbol neither initialized nor assigned
       A wild shot: You may have spurious commas in the explanatory
       text of a declaration. Check symbol reference list.
--- urea.gms(2288) 3 Mb 73 Errors
*** Error 141 in C:\Users\ghosh.117\Box\Research_compile\cgelca\fincge\cornethanol\urea\urea.gms
    Symbol neither initialized nor assigned
       A wild shot: You may have spurious commas in the explanatory
       text of a declaration. Check symbol reference list.
--- urea.gms(2289) 3 Mb 74 Errors
*** Error 141 in C:\Users\ghosh.117\Box\Research_compile\cgelca\fincge\cornethanol\urea\urea.gms
    Symbol neither initialized nor assigned
       A wild shot: You may have spurious commas in the explanatory
       text of a declaration. Check symbol reference list.
--- urea.gms(2290) 3 Mb 75 Errors
*** Error 141 in C:\Users\ghosh.117\Box\Research_compile\cgelca\fincge\cornethanol\urea\urea.gms
    Symbol neither initialized nor assigned
       A wild shot: You may have spurious commas in the explanatory
       text of a declaration. Check symbol reference list.
--- urea.gms(2291) 3 Mb 76 Errors
*** Error 141 in C:\Users\ghosh.117\Box\Research_compile\cgelca\fincge\cornethanol\urea\urea.gms
    Symbol neither initialized nor assigned
       A wild shot: You may have spurious commas in the explanatory
       text of a declaration. Check symbol reference list.
--- urea.gms(2316) 3 Mb 77 Errors
*** Error 141 in C:\Users\ghosh.117\Box\Research_compile\cgelca\fincge\cornethanol\urea\urea.gms
    Symbol neither initialized nor assigned
       A wild shot: You may have spurious commas in the explanatory
       text of a declaration. Check symbol reference list.
--- urea.gms(2324) 3 Mb 78 Errors
*** Error 141 in C:\Users\ghosh.117\Box\Research_compile\cgelca\fincge\cornethanol\urea\urea.gms
    Symbol neither initialized nor assigned
       A wild shot: You may have spurious commas in the explanatory
       text of a declaration. Check symbol reference list.
--- urea.gms(2325) 3 Mb 79 Errors
*** Error 141 in C:\Users\ghosh.117\Box\Research_compile\cgelca\fincge\cornethanol\urea\urea.gms
    Symbol neither initialized nor assigned
       A wild shot: You may have spurious commas in the explanatory
       text of a declaration. Check symbol reference list.
--- urea.gms(2329) 3 Mb 80 Errors
*** Error 141 in C:\Users\ghosh.117\Box\Research_compile\cgelca\fincge\cornethanol\urea\urea.gms
    Symbol neither initialized nor assigned
       A wild shot: You may have spurious commas in the explanatory
       text of a declaration. Check symbol reference list.
--- urea.gms(2359) 3 Mb 80 Errors
*** Status: Compilation error(s)
--- Job urea.gms Stop 06/28/19 16:22:00 elapsed 0:00:00.307
Exit code = 2
